<?xml version="1.0" encoding="UTF-8"?>
<!-- Generated by org.testng.reporters.JUnitXMLReporter -->
<testsuite hostname="DESKTOP-KARC46D" ignored="0" name="Default test" tests="2" failures="0" timestamp="06 Oct 2017 11:17:28 GMT" time="23.456" errors="0">
  <testcase name="Testsuite on null(Demo.Insomnia1.AppTest)" time="10.121" classname="Demo.Insomnia1.AppTest"/>
  <testcase name="testApp on null(Demo.Insomnia1.AppTest)" time="13.322" classname="Demo.Insomnia1.AppTest"/>
</testsuite> <!-- Default test -->
